{
  "RSpec": {
    "coverage": {
      "/Users/kig/workspace/native-code/gomoku/2.cowork.gomoku-mono-repo/deployer/lib/google_run_deployer.rb": {
        "lines": [
          null,
          null,
          1,
          1,
          1,
          1,
          null,
          1,
          1,
          1,
          1,
          1,
          1,
          1,
          1,
          1,
          null,
          1,
          1,
          1,
          null,
          1,
          1,
          1,
          1,
          1,
          1,
          null,
          1,
          1,
          null,
          null,
          null,
          null,
          1,
          1,
          1,
          null,
          null,
          null,
          1,
          3,
          null,
          null,
          null,
          1,
          3,
          null,
          null,
          1,
          2,
          null,
          null,
          null
        ],
        "branches": {}
      },
      "/Users/kig/workspace/native-code/gomoku/2.cowork.gomoku-mono-repo/deployer/lib/google_run_deployer/errors.rb": {
        "lines": [
          null,
          null,
          1,
          null,
          null,
          null,
          1,
          null,
          null,
          null,
          1,
          null,
          null,
          null,
          1,
          null,
          null,
          null,
          1,
          null,
          null,
          1,
          null,
          null,
          null,
          1,
          null
        ],
        "branches": {}
      },
      "/Users/kig/workspace/native-code/gomoku/2.cowork.gomoku-mono-repo/deployer/lib/google_run_deployer/types.rb": {
        "lines": [
          null,
          null,
          1,
          1,
          null,
          1,
          null,
          null,
          1,
          1,
          null,
          null
        ],
        "branches": {}
      },
      "/Users/kig/workspace/native-code/gomoku/2.cowork.gomoku-mono-repo/deployer/lib/google_run_deployer/config.rb": {
        "lines": [
          null,
          null,
          1,
          1,
          null,
          1,
          null,
          null,
          1,
          1,
          1,
          1,
          1,
          1,
          1,
          null,
          null,
          null,
          1,
          1,
          1,
          1,
          1,
          1,
          1,
          null,
          null,
          null,
          1,
          15,
          null,
          null,
          null,
          null,
          null,
          1,
          1,
          1,
          null,
          null,
          null,
          null,
          1,
          1,
          1,
          1,
          1,
          null,
          null,
          null,
          null,
          1,
          1,
          1,
          1,
          1,
          1,
          1,
          1,
          1,
          1,
          1,
          1,
          1,
          1,
          null,
          null,
          1,
          7,
          7,
          7,
          null,
          null,
          null,
          6,
          null,
          1,
          null,
          5,
          null,
          4,
          null,
          null,
          null,
          1,
          26,
          40,
          null,
          25,
          null,
          24,
          null,
          null,
          null,
          null,
          null,
          null,
          null,
          null,
          null,
          null,
          null,
          37,
          null,
          null,
          null,
          1,
          null,
          null,
          null,
          1,
          5,
          1,
          null,
          null,
          null,
          null,
          null,
          1,
          5,
          null,
          null,
          null,
          1,
          1,
          null,
          null,
          null,
          1,
          2,
          null,
          null,
          1,
          40,
          40,
          null,
          1,
          null,
          null,
          null,
          null,
          null,
          null,
          1,
          null,
          1,
          23,
          null,
          18,
          null,
          1,
          null,
          1,
          1,
          null,
          1,
          null,
          1,
          7,
          3,
          null,
          2,
          null,
          1,
          null,
          null
        ],
        "branches": {
          "[:unless, 0, 71, 6, 71, 81]": {
            "[:else, 1, 71, 6, 71, 81]": 6,
            "[:then, 2, 71, 6, 71, 63]": 1
          },
          "[:unless, 3, 79, 6, 79, 82]": {
            "[:else, 4, 79, 6, 79, 82]": 4,
            "[:then, 5, 79, 6, 79, 59]": 1
          },
          "[:if, 6, 89, 6, 89, 81]": {
            "[:then, 7, 89, 6, 89, 66]": 1,
            "[:else, 8, 89, 6, 89, 81]": 24
          },
          "[:unless, 9, 147, 6, 147, 28]": {
            "[:else, 10, 147, 6, 147, 28]": 18,
            "[:then, 11, 147, 6, 147, 16]": 5
          },
          "[:if, 12, 159, 6, 159, 51]": {
            "[:then, 13, 159, 6, 159, 43]": 4,
            "[:else, 14, 159, 6, 159, 51]": 3
          },
          "[:if, 15, 160, 6, 160, 87]": {
            "[:then, 16, 160, 6, 160, 61]": 1,
            "[:else, 17, 160, 6, 160, 87]": 2
          }
        }
      },
      "/Users/kig/workspace/native-code/gomoku/2.cowork.gomoku-mono-repo/deployer/lib/google_run_deployer/adapters/shell.rb": {
        "lines": [
          null,
          null,
          1,
          null,
          1,
          1,
          null,
          null,
          null,
          null,
          1,
          1,
          1,
          13,
          null,
          null,
          null,
          null,
          null,
          null,
          1,
          2,
          2,
          2,
          2,
          null,
          null,
          null,
          null
        ],
        "branches": {
          "[:if, 0, 23, 8, 23, 42]": {
            "[:then, 1, 23, 8, 23, 33]": 1,
            "[:else, 2, 23, 8, 23, 42]": 1
          }
        }
      },
      "/Users/kig/workspace/native-code/gomoku/2.cowork.gomoku-mono-repo/deployer/lib/google_run_deployer/adapters/command_runner.rb": {
        "lines": [
          null,
          null,
          1,
          null,
          1,
          1,
          null,
          null,
          null,
          null,
          1,
          1,
          21,
          null,
          null,
          null,
          null,
          1,
          3,
          null,
          1,
          null,
          null,
          null,
          null,
          1,
          1,
          null,
          null,
          null,
          null
        ],
        "branches": {
          "[:\"&.\", 0, 19, 31, 19, 42]": {
            "[:then, 1, 19, 31, 19, 42]": 1,
            "[:else, 2, 19, 31, 19, 42]": 2
          },
          "[:\"&.\", 3, 27, 32, 27, 43]": {
            "[:then, 4, 27, 32, 27, 43]": 0,
            "[:else, 5, 27, 32, 27, 43]": 1
          }
        }
      },
      "/Users/kig/workspace/native-code/gomoku/2.cowork.gomoku-mono-repo/deployer/lib/google_run_deployer/adapters/one_password.rb": {
        "lines": [
          null,
          null,
          1,
          1,
          null,
          null,
          null,
          null,
          null,
          null,
          null,
          1,
          1,
          16,
          16,
          null,
          null,
          null,
          1,
          2,
          null,
          null,
          null,
          1,
          3,
          null,
          null,
          null,
          1,
          4,
          null,
          null,
          null,
          1,
          2,
          2,
          null,
          1,
          null,
          null,
          null,
          1,
          null,
          3,
          1,
          null,
          2,
          null,
          null,
          null,
          3,
          null,
          1,
          null,
          null,
          null,
          null
        ],
        "branches": {
          "[:unless, 0, 36, 8, 36, 41]": {
            "[:else, 1, 36, 8, 36, 41]": 1,
            "[:then, 2, 36, 8, 36, 18]": 1
          },
          "[:if, 3, 44, 10, 49, 13]": {
            "[:then, 4, 45, 12, 45, 94]": 1,
            "[:else, 5, 47, 12, 48, 83]": 2
          },
          "[:if, 6, 51, 8, 51, 38]": {
            "[:then, 7, 51, 8, 51, 19]": 2,
            "[:else, 8, 51, 8, 51, 38]": 1
          }
        }
      },
      "/Users/kig/workspace/native-code/gomoku/2.cowork.gomoku-mono-repo/deployer/lib/google_run_deployer/adapters/editor.rb": {
        "lines": [
          null,
          null,
          1,
          1,
          null,
          null,
          1,
          1,
          12,
          12,
          null,
          null,
          1,
          4,
          4,
          4,
          null,
          null,
          null,
          null
        ],
        "branches": {
          "[:unless, 0, 16, 8, 16, 84]": {
            "[:else, 1, 16, 8, 16, 84]": 3,
            "[:then, 2, 16, 8, 16, 74]": 1
          }
        }
      },
      "/Users/kig/workspace/native-code/gomoku/2.cowork.gomoku-mono-repo/deployer/lib/google_run_deployer/adapters/neon.rb": {
        "lines": [
          null,
          null,
          1,
          null,
          1,
          1,
          null,
          null,
          null,
          null,
          null,
          null,
          1,
          1,
          null,
          1,
          9,
          9,
          null,
          null,
          1,
          9,
          9,
          9,
          9,
          9,
          null,
          null,
          null,
          null,
          1,
          10,
          20,
          null,
          null,
          null,
          null,
          1,
          3,
          3,
          3,
          null,
          null,
          null,
          1,
          2,
          null,
          null,
          null,
          1,
          3,
          null,
          null,
          4,
          null,
          null,
          null,
          null,
          1,
          4,
          4,
          null,
          3,
          3,
          null,
          3,
          3,
          3,
          null,
          2,
          null,
          null,
          1,
          null,
          1,
          13,
          null,
          null,
          1,
          3,
          null,
          null,
          1,
          2,
          null,
          null,
          1,
          18,
          null,
          1,
          null,
          null,
          null,
          null
        ],
        "branches": {
          "[:if, 0, 40, 8, 40, 54]": {
            "[:then, 1, 40, 8, 40, 40]": 1,
            "[:else, 2, 40, 8, 40, 54]": 2
          },
          "[:unless, 3, 61, 8, 61, 115]": {
            "[:else, 4, 61, 8, 61, 115]": 3,
            "[:then, 5, 61, 8, 61, 101]": 1
          },
          "[:if, 6, 64, 8, 64, 49]": {
            "[:then, 7, 64, 8, 64, 37]": 2,
            "[:else, 8, 64, 8, 64, 49]": 1
          },
          "[:unless, 9, 68, 8, 68, 104]": {
            "[:else, 10, 68, 8, 68, 104]": 2,
            "[:then, 11, 68, 8, 68, 87]": 1
          },
          "[:if, 12, 88, 8, 88, 55]": {
            "[:then, 13, 88, 8, 88, 34]": 17,
            "[:else, 14, 88, 8, 88, 55]": 1
          }
        }
      },
      "/Users/kig/workspace/native-code/gomoku/2.cowork.gomoku-mono-repo/deployer/lib/google_run_deployer/adapters/docker.rb": {
        "lines": [
          null,
          null,
          1,
          1,
          null,
          null,
          null,
          1,
          1,
          6,
          6,
          null,
          null,
          1,
          1,
          null,
          null,
          1,
          1,
          null,
          null,
          null,
          1,
          1,
          null,
          1,
          1,
          null,
          null,
          null,
          1,
          2,
          null,
          2,
          3,
          2,
          null,
          1,
          null,
          null,
          null,
          null
        ],
        "branches": {
          "[:if, 0, 36, 8, 36, 31]": {
            "[:then, 1, 36, 8, 36, 21]": 1,
            "[:else, 2, 36, 8, 36, 31]": 1
          }
        }
      },
      "/Users/kig/workspace/native-code/gomoku/2.cowork.gomoku-mono-repo/deployer/lib/google_run_deployer/adapters/terraform.rb": {
        "lines": [
          null,
          null,
          1,
          1,
          null,
          null,
          null,
          1,
          1,
          5,
          5,
          5,
          null,
          null,
          null,
          null,
          1,
          1,
          null,
          null,
          null,
          null,
          null,
          null,
          null,
          null,
          null,
          null,
          null,
          null,
          1,
          2,
          3,
          5,
          3,
          2,
          null,
          null,
          null,
          1,
          1,
          null,
          null,
          null,
          null
        ],
        "branches": {}
      },
      "/Users/kig/workspace/native-code/gomoku/2.cowork.gomoku-mono-repo/deployer/lib/google_run_deployer/adapters/frontend.rb": {
        "lines": [
          null,
          null,
          1,
          1,
          null,
          null,
          1,
          1,
          2,
          2,
          2,
          null,
          null,
          1,
          1,
          null,
          null,
          null,
          null
        ],
        "branches": {}
      },
      "/Users/kig/workspace/native-code/gomoku/2.cowork.gomoku-mono-repo/deployer/lib/google_run_deployer/adapters/alembic.rb": {
        "lines": [
          null,
          null,
          1,
          1,
          null,
          null,
          null,
          null,
          1,
          1,
          2,
          2,
          2,
          null,
          null,
          null,
          null,
          1,
          1,
          null,
          null,
          null,
          null,
          null
        ],
        "branches": {}
      },
      "/Users/kig/workspace/native-code/gomoku/2.cowork.gomoku-mono-repo/deployer/lib/google_run_deployer/credentials.rb": {
        "lines": [
          null,
          null,
          1,
          1,
          1,
          1,
          null,
          1,
          null,
          null,
          null,
          null,
          null,
          null,
          null,
          null,
          null,
          1,
          1,
          null,
          1,
          22,
          22,
          22,
          22,
          22,
          22,
          null,
          null,
          1,
          17,
          null,
          null,
          null,
          null,
          1,
          10,
          3,
          null,
          2,
          2,
          1,
          null,
          null,
          null,
          1,
          1,
          null,
          null,
          null,
          1,
          6,
          null,
          5,
          5,
          null,
          1,
          null,
          null,
          null,
          1,
          2,
          1,
          null,
          null,
          null,
          null,
          null,
          null,
          1,
          2,
          null,
          1,
          2,
          null,
          null,
          null,
          null,
          1,
          9,
          null,
          8,
          8,
          8,
          8,
          8,
          8,
          null,
          null,
          1,
          null,
          1,
          9,
          9,
          9,
          null,
          null,
          1,
          14,
          null,
          null,
          null,
          null,
          null,
          null,
          null,
          null
        ],
        "branches": {
          "[:if, 0, 37, 6, 37, 41]": {
            "[:then, 1, 37, 6, 37, 22]": 7,
            "[:else, 2, 37, 6, 37, 41]": 3
          },
          "[:unless, 3, 38, 6, 38, 49]": {
            "[:else, 4, 38, 6, 38, 49]": 2,
            "[:then, 5, 38, 6, 38, 16]": 1
          },
          "[:unless, 6, 41, 6, 45, 9]": {
            "[:else, 7, 41, 6, 45, 9]": 1,
            "[:then, 8, 42, 8, 44, 60]": 1
          },
          "[:unless, 9, 52, 6, 52, 87]": {
            "[:else, 10, 52, 6, 52, 87]": 5,
            "[:then, 11, 52, 6, 52, 73]": 1
          },
          "[:unless, 12, 71, 6, 71, 121]": {
            "[:else, 13, 71, 6, 71, 121]": 1,
            "[:then, 14, 71, 6, 71, 107]": 1
          },
          "[:if, 15, 80, 6, 80, 84]": {
            "[:then, 16, 80, 6, 80, 74]": 1,
            "[:else, 17, 80, 6, 80, 84]": 8
          }
        }
      },
      "/Users/kig/workspace/native-code/gomoku/2.cowork.gomoku-mono-repo/deployer/lib/google_run_deployer/ui.rb": {
        "lines": [
          null,
          null,
          1,
          1,
          1,
          1,
          1,
          null,
          1,
          null,
          null,
          null,
          1,
          1,
          null,
          null,
          null,
          null,
          null,
          null,
          15,
          15,
          15,
          15,
          15,
          15,
          15,
          null,
          null,
          1,
          1,
          null,
          null,
          1,
          1,
          null,
          null,
          1,
          1,
          null,
          null,
          1,
          1,
          null,
          null,
          1,
          1,
          null,
          null,
          1,
          1,
          null,
          null,
          1,
          1,
          null,
          null,
          1,
          1,
          null,
          null,
          1,
          1,
          null,
          null,
          null,
          1,
          2,
          2,
          2,
          1,
          1,
          null,
          1,
          1,
          null,
          null,
          null,
          null,
          null,
          1,
          2,
          2,
          2,
          2,
          null,
          2,
          3,
          3,
          4,
          2,
          null,
          2,
          1,
          null,
          null,
          null,
          2,
          2,
          null,
          1,
          null,
          null,
          null,
          1,
          1,
          1,
          3,
          3,
          3,
          null,
          null,
          null,
          null
        ],
        "branches": {
          "[:unless, 0, 99, 6, 99, 52]": {
            "[:else, 1, 99, 6, 99, 52]": 1,
            "[:then, 2, 99, 6, 99, 31]": 1
          }
        }
      },
      "/Users/kig/workspace/native-code/gomoku/2.cowork.gomoku-mono-repo/deployer/lib/google_run_deployer/context.rb": {
        "lines": [
          null,
          null,
          1,
          null,
          null,
          null,
          null,
          1,
          1,
          null,
          1,
          null,
          1,
          1,
          8,
          8,
          8,
          8,
          8,
          8,
          8,
          null,
          null,
          1,
          2,
          null,
          null,
          null,
          1,
          1,
          1,
          null,
          null,
          null,
          null,
          null,
          null,
          null,
          null,
          null,
          1,
          1,
          null,
          null,
          null,
          null,
          null,
          1,
          3,
          null,
          null,
          null,
          null,
          null,
          null,
          null,
          1,
          1,
          null,
          null,
          null,
          null,
          null,
          null,
          1,
          2,
          null,
          1,
          null,
          null,
          null,
          null,
          null,
          null,
          1,
          1,
          null,
          null,
          null,
          null,
          null,
          null,
          null
        ],
        "branches": {
          "[:unless, 0, 66, 6, 66, 39]": {
            "[:else, 1, 66, 6, 66, 39]": 1,
            "[:then, 2, 66, 6, 66, 16]": 1
          }
        }
      },
      "/Users/kig/workspace/native-code/gomoku/2.cowork.gomoku-mono-repo/deployer/lib/google_run_deployer/operations/clone_database.rb": {
        "lines": [
          null,
          null,
          1,
          null,
          1,
          1,
          null,
          null,
          null,
          null,
          null,
          1,
          1,
          3,
          null,
          null,
          null,
          null,
          null,
          null,
          1,
          3,
          null,
          2,
          2,
          2,
          2,
          null,
          2,
          2,
          null,
          null,
          null,
          null,
          null,
          null,
          null,
          null,
          null
        ],
        "branches": {
          "[:unless, 0, 22, 8, 22, 109]": {
            "[:else, 1, 22, 8, 22, 109]": 2,
            "[:then, 2, 22, 8, 22, 90]": 1
          }
        }
      },
      "/Users/kig/workspace/native-code/gomoku/2.cowork.gomoku-mono-repo/deployer/lib/google_run_deployer/operations/deploy.rb": {
        "lines": [
          null,
          null,
          1,
          1,
          null,
          null,
          null,
          null,
          null,
          null,
          null,
          null,
          null,
          null,
          1,
          null,
          1,
          null,
          null,
          null,
          null,
          null,
          null,
          1,
          6,
          6,
          6,
          null,
          null,
          1,
          6,
          6,
          null,
          6,
          6,
          6,
          null,
          5,
          5,
          null,
          5,
          5,
          5,
          5,
          4,
          null,
          null,
          4,
          null,
          4,
          4,
          null,
          4,
          4,
          null,
          null,
          1,
          null,
          1,
          6,
          null,
          3,
          1,
          null,
          null,
          null,
          null,
          1,
          4,
          4,
          4,
          4,
          null,
          4,
          7,
          8,
          4,
          null,
          4,
          3,
          null,
          4,
          null,
          4,
          7,
          null,
          null,
          null,
          1,
          7,
          14,
          null,
          null,
          null,
          1,
          null,
          8,
          null,
          null,
          null,
          null,
          null,
          null,
          null,
          1,
          null,
          6,
          null,
          null,
          null,
          null,
          null,
          null,
          null,
          null,
          null,
          null,
          1,
          4,
          4,
          4,
          null,
          null,
          null,
          null
        ],
        "branches": {
          "[:if, 0, 60, 8, 60, 93]": {
            "[:then, 1, 60, 8, 60, 78]": 3,
            "[:else, 2, 60, 8, 60, 93]": 3
          },
          "[:if, 3, 75, 8, 75, 62]": {
            "[:then, 4, 75, 8, 75, 50]": 3,
            "[:else, 5, 75, 8, 75, 62]": 1
          },
          "[:unless, 6, 77, 8, 77, 58]": {
            "[:else, 7, 77, 8, 77, 58]": 0,
            "[:then, 8, 77, 8, 77, 37]": 4
          },
          "[:unless, 9, 82, 8, 82, 79]": {
            "[:else, 10, 82, 8, 82, 79]": 1,
            "[:then, 11, 82, 8, 82, 58]": 3
          },
          "[:unless, 12, 121, 8, 121, 86]": {
            "[:else, 13, 121, 8, 121, 86]": 1,
            "[:then, 14, 121, 8, 121, 54]": 3
          }
        }
      },
      "/Users/kig/workspace/native-code/gomoku/2.cowork.gomoku-mono-repo/deployer/lib/google_run_deployer/operations/edit_credentials.rb": {
        "lines": [
          null,
          null,
          1,
          1,
          null,
          null,
          null,
          1,
          1,
          1,
          null,
          null,
          1,
          1,
          1,
          1,
          1,
          null,
          null,
          null,
          null
        ],
        "branches": {}
      },
      "/Users/kig/workspace/native-code/gomoku/2.cowork.gomoku-mono-repo/deployer/lib/google_run_deployer/operations/sync_key.rb": {
        "lines": [
          null,
          null,
          1,
          1,
          null,
          null,
          null,
          1,
          1,
          4,
          null,
          null,
          null,
          1,
          2,
          2,
          2,
          1,
          null,
          1,
          null,
          null,
          null,
          null,
          1,
          2,
          2,
          1,
          null,
          null,
          1,
          1,
          null,
          null,
          null,
          null
        ],
        "branches": {
          "[:if, 0, 17, 8, 21, 11]": {
            "[:then, 1, 18, 10, 18, 76]": 1,
            "[:else, 2, 20, 10, 20, 96]": 1
          },
          "[:unless, 3, 27, 8, 29, 11]": {
            "[:else, 4, 27, 8, 29, 11]": 1,
            "[:then, 5, 28, 10, 28, 88]": 1
          }
        }
      },
      "/Users/kig/workspace/native-code/gomoku/2.cowork.gomoku-mono-repo/deployer/lib/google_run_deployer/operations/show_status.rb": {
        "lines": [
          null,
          null,
          1,
          1,
          null,
          null,
          1,
          1,
          3,
          null,
          null,
          1,
          3,
          2,
          2,
          null,
          2,
          2,
          2,
          2,
          2,
          2,
          2,
          2,
          2,
          2,
          null,
          null,
          null,
          null
        ],
        "branches": {
          "[:if, 0, 22, 33, 22, 88]": {
            "[:then, 1, 22, 60, 22, 68]": 1,
            "[:else, 2, 22, 71, 22, 88]": 1
          },
          "[:if, 3, 23, 33, 23, 90]": {
            "[:then, 4, 23, 47, 23, 83]": 1,
            "[:else, 5, 23, 86, 23, 90]": 1
          },
          "[:if, 6, 26, 33, 26, 75]": {
            "[:then, 7, 26, 54, 26, 63]": 1,
            "[:else, 8, 26, 66, 26, 75]": 1
          }
        }
      },
      "/Users/kig/workspace/native-code/gomoku/2.cowork.gomoku-mono-repo/deployer/lib/google_run_deployer/operations/setup.rb": {
        "lines": [
          null,
          null,
          1,
          null,
          1,
          1,
          null,
          null,
          null,
          null,
          1,
          1,
          3,
          3,
          3,
          null,
          null,
          1,
          3,
          3,
          3,
          null,
          3,
          3,
          1,
          1,
          null,
          2,
          null,
          null,
          3,
          3,
          3,
          null,
          3,
          null,
          null,
          1,
          null,
          1,
          3,
          null,
          1,
          null,
          null,
          1,
          2,
          null,
          2,
          null,
          null,
          2,
          2,
          2,
          null,
          2,
          2,
          null,
          null,
          1,
          2,
          9,
          2,
          null,
          null,
          null,
          null,
          null,
          null,
          2,
          null,
          null,
          null,
          null
        ],
        "branches": {
          "[:if, 0, 24, 8, 29, 11]": {
            "[:then, 1, 25, 10, 26, 71]": 1,
            "[:else, 2, 28, 10, 28, 49]": 2
          },
          "[:if, 3, 41, 8, 41, 50]": {
            "[:then, 4, 41, 8, 41, 14]": 2,
            "[:else, 5, 41, 8, 41, 50]": 1
          },
          "[:unless, 6, 52, 8, 52, 94]": {
            "[:else, 7, 52, 8, 52, 94]": 1,
            "[:then, 8, 52, 8, 52, 75]": 1
          },
          "[:unless, 9, 62, 35, 62, 86]": {
            "[:else, 10, 62, 35, 62, 86]": 0,
            "[:then, 11, 62, 35, 62, 61]": 7
          }
        }
      },
      "/Users/kig/workspace/native-code/gomoku/2.cowork.gomoku-mono-repo/deployer/lib/google_run_deployer/commands.rb": {
        "lines": [
          null,
          null,
          1,
          null,
          1,
          null,
          null,
          null,
          1,
          1,
          1,
          1,
          null,
          1,
          1,
          null,
          null,
          null,
          1,
          1,
          1,
          null,
          1,
          1,
          null,
          null,
          null,
          1,
          1,
          1,
          null,
          1,
          1,
          1,
          1,
          1,
          null,
          null,
          null,
          1,
          1,
          1,
          null,
          1,
          2,
          null,
          null,
          null,
          1,
          1,
          1,
          null,
          1,
          1,
          null,
          null,
          null,
          1,
          1,
          1,
          null,
          1,
          1,
          null,
          null,
          null,
          1,
          1,
          1,
          null,
          1,
          1,
          null,
          null,
          null,
          1,
          1,
          null,
          1,
          2,
          null,
          null,
          null,
          null
        ],
        "branches": {}
      },
      "/Users/kig/workspace/native-code/gomoku/2.cowork.gomoku-mono-repo/deployer/lib/google_run_deployer/cli.rb": {
        "lines": [
          null,
          null,
          1,
          1,
          null,
          1,
          null,
          null,
          1,
          1,
          null,
          1,
          1,
          1,
          1,
          1,
          1,
          1,
          1,
          null,
          null,
          1,
          2,
          1,
          null,
          1,
          1,
          null,
          null,
          null
        ],
        "branches": {}
      }
    },
    "timestamp": 1781557506
  }
}
